<?xml version="1.0" encoding="UTF-8"?>
<!-- Generated by org.testng.reporters.JUnitXMLReporter -->
<testsuite hostname="SSIIN-108" ignored="0" name="Default test" tests="9" failures="0" timestamp="2023-06-08T18:17:50 IST" time="248.374" errors="0">
  <testcase name="verifySubAccountPageTest" time="0.051" classname="com.jobma.qa.test.SubAccountTest"/>
  <testcase name="addSubUserTest" time="20.015" classname="com.jobma.qa.test.SubAccountTest"/>
  <testcase name="permissionBtnTest" time="1.334" classname="com.jobma.qa.test.SubAccountTest"/>
  <testcase name="permissionDeniedEvaluateCandidateTest" time="16.621" classname="com.jobma.qa.test.SubAccountTest"/>
  <testcase name="manageSubaccountPermissionDeniedTest" time="18.31" classname="com.jobma.qa.test.SubAccountTest"/>
  <testcase name="inviteCandidatePermissionDeniedTest" time="119.481" classname="com.jobma.qa.test.SubAccountTest"/>
  <testcase name="integrationPermissionDeniedTest" time="14.43" classname="com.jobma.qa.test.SubAccountTest"/>
  <testcase name="interviewListingPermissionDeniedTest" time="50.154" classname="com.jobma.qa.test.SubAccountTest"/>
  <testcase name="companyProfilePermissionDeniedTest" time="7.87" classname="com.jobma.qa.test.SubAccountTest"/>
</testsuite> <!-- Default test -->
