<?xml version="1.0" encoding="UTF-8"?>
<!-- Generated by org.testng.reporters.JUnitXMLReporter -->
<testsuite hostname="SSIIN-108" ignored="2" name="Default test" tests="1" failures="0" timestamp="2023-05-02T18:45:17 IST" time="43.472" errors="0">
  <testcase name="bulkShareTest" time="3.716" classname="com.jobma.qa.test.EvaluatePageTest"/>
  <testcase name="evaluatePageTest" time="0.0" classname="com.jobma.qa.test.EvaluatePageTest">
    <ignored/>
  </testcase> <!-- evaluatePageTest -->
  <testcase name="bulkDeleteTest" time="0.0" classname="com.jobma.qa.test.EvaluatePageTest">
    <ignored/>
  </testcase> <!-- bulkDeleteTest -->
</testsuite> <!-- Default test -->
